Build started 01/11/2017 12:10:07.
     1>Project "C:\Users\Hugo\Documents\GitHub\xml_handout_1\handout_9\Motor2D\Motor2D.vcxproj" on node 2 (Build target(s)).
     1>ClCompile:
         C:\Program Files (x86)\Microsoft Visual Studio 12.0\VC\bin\CL.exe /c /ZI /nologo /W3 /WX- /sdl /Od /Oy- /D _ITERATOR_DEBUG_LEVEL=0 /D _MBCS /Gm /EHsc /RTC1 /MD /GS /fp:precise /Zc:wchar_t /Zc:forScope /Fo"Debug\\" /Fd"Debug\vc120.pdb" /Gd /TP /analyze- /errorReport:prompt j1App.cpp j1Audio.cpp j1FileSystem.cpp j1Input.cpp j1Main.cpp j1Map.cpp j1Pathfinding.cpp j1Render.cpp j1Scene.cpp j1Textures.cpp j1Window.cpp
         j1App.cpp
     1>c:\users\hugo\documents\github\xml_handout_1\handout_9\motor2d\j1app.cpp(211): warning C4244: 'initializing' : conversion from 'double' to 'float', possible loss of data
     1>c:\users\hugo\documents\github\xml_handout_1\handout_9\motor2d\j1app.cpp(212): warning C4244: 'initializing' : conversion from 'double' to 'uint32', possible loss of data
     1>c:\users\hugo\documents\github\xml_handout_1\handout_9\motor2d\j1app.cpp(213): warning C4244: 'initializing' : conversion from 'uint64' to 'uint32', possible loss of data
         Generating Code...
         Compiling...
         j1Main.cpp
         Generating Code...
         Skipping... (no relevant changes detected)
         j1Window.cpp
         j1Textures.cpp
         j1Scene.cpp
         j1Render.cpp
         j1Pathfinding.cpp
         j1Map.cpp
         j1Input.cpp
         j1FileSystem.cpp
         j1Audio.cpp
       Link:
         C:\Program Files (x86)\Microsoft Visual Studio 12.0\VC\bin\link.exe /ERRORREPORT:PROMPT /OUT:"C:\Users\Hugo\Documents\GitHub\xml_handout_1\handout_9\Debug\Development - Class 9 Handout.exe" /INCREMENTAL /NOLOGO kernel32.lib user32.lib gdi32.lib winspool.lib comdlg32.lib advapi32.lib shell32.lib ole32.lib oleaut32.lib uuid.lib odbc32.lib odbccp32.lib /MANIFEST /MANIFESTUAC:"level='asInvoker' uiAccess='false'" /manifest:embed /DEBUG /PDB:"C:\Users\Hugo\Documents\GitHub\xml_handout_1\handout_9\Debug\Development - Class 9 Handout.pdb" /SUBSYSTEM:WINDOWS /TLBID:1 /DYNAMICBASE /NXCOMPAT /IMPLIB:"C:\Users\Hugo\Documents\GitHub\xml_handout_1\handout_9\Debug\Development - Class 9 Handout.lib" /MACHINE:X86 Debug\j1FileSystem.obj
         Debug\j1Main.obj
         Debug\j1App.obj
         Debug\j1Audio.obj
         Debug\j1Input.obj
         Debug\j1Map.obj
         Debug\j1Pathfinding.obj
         Debug\j1PerfTimer.obj
         Debug\j1Scene.obj
         Debug\j1Timer.obj
         Debug\p2Log.obj
         Debug\j1Render.obj
         Debug\j1Textures.obj
         Debug\j1Window.obj
         Debug\pugixml.obj
         Motor2D.vcxproj -> C:\Users\Hugo\Documents\GitHub\xml_handout_1\handout_9\Debug\Development - Class 9 Handout.exe
     1>Done Building Project "C:\Users\Hugo\Documents\GitHub\xml_handout_1\handout_9\Motor2D\Motor2D.vcxproj" (Build target(s)).

Build succeeded.

Time Elapsed 00:00:03.27
